2023-04-16 20:17:23: Start publish with product Tea(name='Pai Mu Tan', price=9, type='White') and producer_id 33
2023-04-16 20:17:23: Start publish with product Coffee(name='Indonezia', price=1, acidity=5.05, roast_level='MEDIUM') and producer_id 6
2023-04-16 20:17:23: Producer Queue is full. Cannot publish product Tea(name='Pai Mu Tan', price=9, type='White') from producer_id 33
2023-04-16 20:17:23: Published product Coffee(name='Indonezia', price=1, acidity=5.05, roast_level='MEDIUM') from producer_id 6
2023-04-16 20:17:23: Start add_to_cart with product Tea(name='Jasmine', price=6, type='Green') and cart_id 391
2023-04-16 20:17:23: Added product Tea(name='Jasmine', price=6, type='Green') to cart_id 391
2023-04-16 20:17:23: Start add_to_cart with product Coffee(name='Arabica', price=9, acidity=5.02, roast_level='MEDIUM') and cart_id 391
2023-04-16 20:17:23: Added product Coffee(name='Arabica', price=9, acidity=5.02, roast_level='MEDIUM') to cart_id 391
2023-04-16 20:17:23: Start add_to_cart with product Coffee(name='Arabica', price=9, acidity=5.02, roast_level='MEDIUM') and cart_id 391
2023-04-16 20:17:23: Added product Coffee(name='Arabica', price=9, acidity=5.02, roast_level='MEDIUM') to cart_id 391
2023-04-16 20:17:23: Start add_to_cart with product Coffee(name='Arabica', price=9, acidity=5.02, roast_level='MEDIUM') and cart_id 391
2023-04-16 20:17:23: Start publish with product Tea(name='Pai Mu Tan', price=9, type='White') and producer_id 26
2023-04-16 20:17:23: Added product Coffee(name='Arabica', price=9, acidity=5.02, roast_level='MEDIUM') to cart_id 391
2023-04-16 20:17:23: Published product Tea(name='Pai Mu Tan', price=9, type='White') from producer_id 26
2023-04-16 20:17:23: Start add_to_cart with product Coffee(name='Arabica', price=9, acidity=5.02, roast_level='MEDIUM') and cart_id 391
2023-04-16 20:17:23: Start publish with product Coffee(name='Ethiopia', price=10, acidity=5.09, roast_level='MEDIUM') and producer_id 31
2023-04-16 20:17:23: Added product Coffee(name='Arabica', price=9, acidity=5.02, roast_level='MEDIUM') to cart_id 391
2023-04-16 20:17:23: Producer Queue is full. Cannot publish product Coffee(name='Ethiopia', price=10, acidity=5.09, roast_level='MEDIUM') from producer_id 31
2023-04-16 20:17:23: Start add_to_cart with product Coffee(name='Arabica', price=9, acidity=5.02, roast_level='MEDIUM') and cart_id 391
2023-04-16 20:17:23: Added product Coffee(name='Arabica', price=9, acidity=5.02, roast_level='MEDIUM') to cart_id 391
2023-04-16 20:17:23: Start place_order for cart_id 391
2023-04-16 20:17:23: Placed order cart_id 391
2023-04-16 20:17:23: Start publish with product Coffee(name='Arabica', price=9, acidity=5.02, roast_level='MEDIUM') and producer_id 48
