==752== 100 bytes in 1 blocks are definitely lost in loss record 3 of 19
==752==    at 0x483B7F3: malloc (in /usr/lib/x86_64-linux-gnu/valgrind/vgpreload_memcheck-amd64-linux.so)
==752==    by 0x109F03: PutFunction (tema1.c:68)
==752==    by 0x10A596: main (tema1.c:228)
==752== 
==752== 100 bytes in 1 blocks are definitely lost in loss record 4 of 19
==752==    at 0x483B7F3: malloc (in /usr/lib/x86_64-linux-gnu/valgrind/vgpreload_memcheck-amd64-linux.so)
==752==    by 0x109F43: PutFunction (tema1.c:75)
==752==    by 0x10A596: main (tema1.c:228)
==752== 
==752== 200 bytes in 1 blocks are definitely lost in loss record 10 of 19
==752==    at 0x483B7F3: malloc (in /usr/lib/x86_64-linux-gnu/valgrind/vgpreload_memcheck-amd64-linux.so)
==752==    by 0x10A4C5: main (tema1.c:210)
==752== 
==752== 232 (32 direct, 200 indirect) bytes in 2 blocks are definitely lost in loss record 11 of 19
==752==    at 0x483B7F3: malloc (in /usr/lib/x86_64-linux-gnu/valgrind/vgpreload_memcheck-amd64-linux.so)
==752==    by 0x10A348: RemoveFunction (tema1.c:167)
==752==    by 0x10A63E: main (tema1.c:240)
==752== 
==752== 232 (32 direct, 200 indirect) bytes in 2 blocks are definitely lost in loss record 12 of 19
==752==    at 0x483B7F3: malloc (in /usr/lib/x86_64-linux-gnu/valgrind/vgpreload_memcheck-amd64-linux.so)
==752==    by 0x10A1D4: GetFunction (tema1.c:133)
==752==    by 0x10A61B: main (tema1.c:237)
==752== 
==752== 464 (64 direct, 400 indirect) bytes in 4 blocks are definitely lost in loss record 15 of 19
==752==    at 0x483B7F3: malloc (in /usr/lib/x86_64-linux-gnu/valgrind/vgpreload_memcheck-amd64-linux.so)
==752==    by 0x10A065: FindFunction (tema1.c:100)
==752==    by 0x10A5F1: main (tema1.c:234)
==752== 
==752== 1,512 (112 direct, 1,400 indirect) bytes in 7 blocks are definitely lost in loss record 16 of 19
==752==    at 0x483B7F3: malloc (in /usr/lib/x86_64-linux-gnu/valgrind/vgpreload_memcheck-amd64-linux.so)
==752==    by 0x109EDD: PutFunction (tema1.c:61)
==752==    by 0x10A596: main (tema1.c:228)
==752== 
==752== 5,336 (24 direct, 5,312 indirect) bytes in 1 blocks are definitely lost in loss record 19 of 19
==752==    at 0x483DD99: calloc (in /usr/lib/x86_64-linux-gnu/valgrind/vgpreload_memcheck-amd64-linux.so)
==752==    by 0x10941E: IniTH (functii-tabHash.c:10)
==752==    by 0x10A492: main (tema1.c:201)
==752== 
